<?xml version="1.0" encoding="UTF-8"?>
<coverage generated="1704200273230" clover="3.2.0">
  <project timestamp="1704200273230" name="All files">
    <metrics statements="3" coveredstatements="3" conditionals="0" coveredconditionals="0" methods="2" coveredmethods="2" elements="5" coveredelements="5" complexity="0" loc="3" ncloc="3" packages="1" files="2" classes="2"/>
    <file name="ADD.js" path="C:\Users\vinay_bn\Desktop\Learn-react\src\components\ADD.js">
      <metrics statements="2" coveredstatements="2" conditionals="0" coveredconditionals="0" methods="1" coveredmethods="1"/>
      <line num="1" count="1" type="stmt"/>
      <line num="2" count="1" type="stmt"/>
    </file>
    <file name="ContactUs.js" path="C:\Users\vinay_bn\Desktop\Learn-react\src\components\ContactUs.js">
      <metrics statements="1" coveredstatements="1" conditionals="0" coveredconditionals="0" methods="1" coveredmethods="1"/>
      <line num="4" count="5" type="stmt"/>
    </file>
  </project>
</coverage>
