{"C:\\Users\\vinay_bn\\Desktop\\Learn-react\\src\\components\\ADD.js": {"path":"C:\\Users\\vinay_bn\\Desktop\\Learn-react\\src\\components\\ADD.js","statementMap":{"0":{"start":{"line":1,"column":19},"end":{"line":3,"column":1}},"1":{"start":{"line":2,"column":2},"end":{"line":2,"column":15}}},"fnMap":{"0":{"name":"(anonymous_0)","decl":{"start":{"line":1,"column":19},"end":{"line":1,"column":20}},"loc":{"start":{"line":1,"column":29},"end":{"line":3,"column":1}},"line":1}},"branchMap":{},"s":{"0":1,"1":1},"f":{"0":1},"b":{},"_coverageSchema":"1a1c01bbd47fc00a2c39e90264f33305004495a9","hash":"70bcef80f346a8aaf3c2f0a07aef9fd464435908"}
,"C:\\Users\\vinay_bn\\Desktop\\Learn-react\\src\\components\\ContactUs.js": {"path":"C:\\Users\\vinay_bn\\Desktop\\Learn-react\\src\\components\\ContactUs.js","statementMap":{"0":{"start":{"line":4,"column":2},"end":{"line":21,"column":4}}},"fnMap":{"0":{"name":"ContactUs","decl":{"start":{"line":3,"column":24},"end":{"line":3,"column":33}},"loc":{"start":{"line":3,"column":36},"end":{"line":22,"column":1}},"line":3}},"branchMap":{},"s":{"0":5},"f":{"0":5},"b":{},"_coverageSchema":"1a1c01bbd47fc00a2c39e90264f33305004495a9","hash":"de3f2de734e6571e5c64729dfc236613fe841187"}
}
